  fixedpoint.c
c:\fixedpoint\src\fixedpoint.c(17): warning C4146: unary minus operator applied to unsigned type, result still unsigned
c:\fixedpoint\src\fixedpoint.c(19): warning C4090: 'function': different 'const' qualifiers
c:\fixedpoint\src\fixedpoint.c(31): warning C4146: unary minus operator applied to unsigned type, result still unsigned
c:\fixedpoint\src\fixedpoint.c(33): warning C4090: 'function': different 'const' qualifiers
c:\fixedpoint\src\fixedpoint.c(45): warning C4146: unary minus operator applied to unsigned type, result still unsigned
c:\fixedpoint\src\fixedpoint.c(47): warning C4090: 'function': different 'const' qualifiers
c:\fixedpoint\src\fixedpoint.c(59): warning C4146: unary minus operator applied to unsigned type, result still unsigned
c:\fixedpoint\src\fixedpoint.c(61): warning C4090: 'function': different 'const' qualifiers
c:\fixedpoint\src\fixedpoint.c(77): warning C4146: unary minus operator applied to unsigned type, result still unsigned
c:\fixedpoint\src\fixedpoint.c(82): warning C4554: '>>': check operator precedence for possible error; use parentheses to clarify precedence
c:\fixedpoint\src\fixedpoint.c(102): warning C4028: formal parameter 3 different from declaration
c:\fixedpoint\src\fixedpoint.c(109): warning C4146: unary minus operator applied to unsigned type, result still unsigned
c:\fixedpoint\src\fixedpoint.c(118): warning C4028: formal parameter 3 different from declaration
c:\fixedpoint\src\fixedpoint.c(125): warning C4146: unary minus operator applied to unsigned type, result still unsigned
c:\fixedpoint\src\fixedpoint.c(139): warning C4146: unary minus operator applied to unsigned type, result still unsigned
c:\fixedpoint\src\fixedpoint.c(142): warning C4146: unary minus operator applied to unsigned type, result still unsigned
c:\fixedpoint\src\fixedpoint.c(145): warning C4146: unary minus operator applied to unsigned type, result still unsigned
c:\fixedpoint\src\fixedpoint.c(151): warning C4146: unary minus operator applied to unsigned type, result still unsigned
c:\fixedpoint\src\fixedpoint.c(168): warning C4146: unary minus operator applied to unsigned type, result still unsigned
c:\fixedpoint\src\fixedpoint.c(170): warning C4018: '<': signed/unsigned mismatch
c:\fixedpoint\src\fixedpoint.c(173): warning C4146: unary minus operator applied to unsigned type, result still unsigned
c:\fixedpoint\src\fixedpoint.c(188): warning C4146: unary minus operator applied to unsigned type, result still unsigned
c:\fixedpoint\src\fixedpoint.c(193): warning C4146: unary minus operator applied to unsigned type, result still unsigned
c:\fixedpoint\src\fixedpoint.c(226): warning C4146: unary minus operator applied to unsigned type, result still unsigned
c:\fixedpoint\src\fixedpoint.c(230): warning C4146: unary minus operator applied to unsigned type, result still unsigned
c:\fixedpoint\src\fixedpoint.c(243): warning C4146: unary minus operator applied to unsigned type, result still unsigned
c:\fixedpoint\src\fixedpoint.c(247): warning C4146: unary minus operator applied to unsigned type, result still unsigned
c:\fixedpoint\src\fixedpoint.c(265): warning C4142: 'float_To_Fixed': benign redefinition of type
  c:\fixedpoint\include\fixedpoint.h(64): note: see declaration of 'float_To_Fixed'
c:\fixedpoint\src\fixedpoint.c(271): warning C4028: formal parameter 1 different from declaration
c:\fixedpoint\src\fixedpoint.c(357): warning C4244: '=': conversion from 'my_sint64' to 'my_uint32', possible loss of data
c:\fixedpoint\src\fixedpoint.c(379): warning C4244: 'return': conversion from 'my_sint64' to 'my_sint32', possible loss of data
  FixedPoint.vcxproj -> C:\FixedPoint\build\tmp\Debug\FixedPoint.exe
